<?xml version="1.0" encoding="UTF-8"?>
<testsuite xmlns:xsi="http://www.w3.org/2001/XMLSchema-instance" xsi:noNamespaceSchemaLocation="https://maven.apache.org/surefire/maven-surefire-plugin/xsd/surefire-test-report-3.0.xsd" version="3.0" name="com.bittercode.model.AddressTest" time="0.14" tests="14" errors="0" skipped="0" failures="0">
  <properties>
[...]
</properties>
  <testcase name="testAddressLine2_Positive" classname="com.bittercode.model.AddressTest" time="0.048">
    <system-out><![CDATA[Run as test
]]></system-out>
    <system-err><![CDATA[java.lang.instrument.IllegalClassFormatException: Error while instrumenting java/sql/SQLException with JaCoCo 0.8.10.202304240956/8ea9668.
	at org.jacoco.agent.rt.internal_4a7f17c.CoverageTransformer.transform(CoverageTransformer.java:94)
	at java.instrument/java.lang.instrument.ClassFileTransformer.transform(ClassFileTransformer.java:242)
	at java.instrument/sun.instrument.TransformerManager.transform(TransformerManager.java:188)
	at java.instrument/sun.instrument.InstrumentationImpl.transform(InstrumentationImpl.java:610)
	at java.base/java.lang.ClassLoader.defineClass2(Native Method)
	at java.base/java.lang.ClassLoader.defineClass(ClassLoader.java:1116)
	at java.base/java.security.SecureClassLoader.defineClass(SecureClassLoader.java:182)
	at java.base/jdk.internal.loader.BuiltinClassLoader.defineClass(BuiltinClassLoader.java:821)
	at java.base/jdk.internal.loader.BuiltinClassLoader.findClassInModuleOrNull(BuiltinClassLoader.java:741)
	at java.base/jdk.internal.loader.BuiltinClassLoader.loadClassOrNull(BuiltinClassLoader.java:665)
	at java.base/jdk.internal.loader.BuiltinClassLoader.loadClassOrNull(BuiltinClassLoader.java:700)
	at java.base/jdk.internal.loader.BuiltinClassLoader.loadClassOrNull(BuiltinClassLoader.java:669)
	at java.base/jdk.internal.loader.BuiltinClassLoader.loadClass(BuiltinClassLoader.java:639)
	at java.base/jdk.internal.loader.ClassLoaders$AppClassLoader.loadClass(ClassLoaders.java:188)
	at java.base/java.lang.ClassLoader.loadClass(ClassLoader.java:528)
	at java.base/java.lang.Class.getDeclaredMethods0(Native Method)
	at java.base/java.lang.Class.privateGetDeclaredMethods(Class.java:3650)
	at java.base/java.lang.Class.getMethodsRecursive(Class.java:3792)
	at java.base/java.lang.Class.getMethod0(Class.java:3777)
	at java.base/java.lang.Class.getMethod(Class.java:2452)
	at org.apache.maven.surefire.api.util.ReflectionUtils.tryGetMethod(ReflectionUtils.java:50)
	at org.apache.maven.surefire.common.junit3.JUnit3TestChecker.isSuiteOnly(JUnit3TestChecker.java:60)
	at org.apache.maven.surefire.common.junit3.JUnit3TestChecker.isValidJUnit3Test(JUnit3TestChecker.java:56)
	at org.apache.maven.surefire.common.junit3.JUnit3TestChecker.accept(JUnit3TestChecker.java:52)
	at org.apache.maven.surefire.common.junit4.JUnit4TestChecker.accept(JUnit4TestChecker.java:48)
	at org.apache.maven.surefire.api.util.DefaultScanResult.applyFilter(DefaultScanResult.java:87)
	at org.apache.maven.surefire.junit4.JUnit4Provider.scanClassPath(JUnit4Provider.java:272)
	at org.apache.maven.surefire.junit4.JUnit4Provider.setTestsToRun(JUnit4Provider.java:174)
	at org.apache.maven.surefire.junit4.JUnit4Provider.invoke(JUnit4Provider.java:132)
	at org.apache.maven.surefire.booter.ForkedBooter.runSuitesInProcess(ForkedBooter.java:385)
	at org.apache.maven.surefire.booter.ForkedBooter.execute(ForkedBooter.java:162)
	at org.apache.maven.surefire.booter.ForkedBooter.run(ForkedBooter.java:507)
	at org.apache.maven.surefire.booter.ForkedBooter.main(ForkedBooter.java:495)
Caused by: java.io.IOException: Error while instrumenting java/sql/SQLException with JaCoCo 0.8.10.202304240956/8ea9668.
	at org.jacoco.agent.rt.internal_4a7f17c.core.instr.Instrumenter.instrumentError(Instrumenter.java:161)
	at org.jacoco.agent.rt.internal_4a7f17c.core.instr.Instrumenter.instrument(Instrumenter.java:111)
	at org.jacoco.agent.rt.internal_4a7f17c.CoverageTransformer.transform(CoverageTransformer.java:92)
	... 32 more
Caused by: java.lang.IllegalArgumentException: Unsupported class file major version 67
	at org.jacoco.agent.rt.internal_4a7f17c.asm.ClassReader.<init>(ClassReader.java:199)
	at org.jacoco.agent.rt.internal_4a7f17c.asm.ClassReader.<init>(ClassReader.java:180)
	at org.jacoco.agent.rt.internal_4a7f17c.asm.ClassReader.<init>(ClassReader.java:166)
	at org.jacoco.agent.rt.internal_4a7f17c.core.internal.instr.InstrSupport.classReaderFor(InstrSupport.java:280)
	at org.jacoco.agent.rt.internal_4a7f17c.core.instr.Instrumenter.instrument(Instrumenter.java:77)
	at org.jacoco.agent.rt.internal_4a7f17c.core.instr.Instrumenter.instrument(Instrumenter.java:109)
	... 33 more
]]></system-err>
  </testcase>
  <testcase name="testAddressLine1_Positive" classname="com.bittercode.model.AddressTest" time="0.0"/>
  <testcase name="testAddressLine1_Negative" classname="com.bittercode.model.AddressTest" time="0.0"/>
  <testcase name="testNullValues_Negative" classname="com.bittercode.model.AddressTest" time="0.0"/>
  <testcase name="testAllValidFields_Positive" classname="com.bittercode.model.AddressTest" time="0.0"/>
  <testcase name="testMismatchedValues_Negative" classname="com.bittercode.model.AddressTest" time="0.0"/>
  <testcase name="testPinCode_Positive" classname="com.bittercode.model.AddressTest" time="0.0"/>
  <testcase name="testPinCode_Negative" classname="com.bittercode.model.AddressTest" time="0.0"/>
  <testcase name="testCity_Positive" classname="com.bittercode.model.AddressTest" time="0.0"/>
  <testcase name="testBoundaryValues_Negative" classname="com.bittercode.model.AddressTest" time="0.0"/>
  <testcase name="testState_Positive" classname="com.bittercode.model.AddressTest" time="0.0"/>
  <testcase name="testPhone_Positive" classname="com.bittercode.model.AddressTest" time="0.0"/>
  <testcase name="testPhone_Negative" classname="com.bittercode.model.AddressTest" time="0.0"/>
  <testcase name="testEmptyValues_Negative" classname="com.bittercode.model.AddressTest" time="0.0"/>
</testsuite>